{"@timestamp":"2024-02-02T17:09:57.076+00:00","@version":1,"message":"Starting SandboxApplication using Java 21.0.2 with PID 77755 (/workspace/springboot-sandbox/sandbox/target/classes started by gitpod in /workspace/springboot-sandbox)","logger_name":"com.example.sandbox.sandbox.SandboxApplication","thread_name":"restartedMain","level":"INFO","level_value":20000}
{"@timestamp":"2024-02-02T17:09:57.076+00:00","@version":1,"message":"No active profile set, falling back to 1 default profile: \"default\"","logger_name":"com.example.sandbox.sandbox.SandboxApplication","thread_name":"restartedMain","level":"INFO","level_value":20000}
{"@timestamp":"2024-02-02T17:09:57.256+00:00","@version":1,"message":"Tomcat initialized with port 8080 (http)","logger_name":"org.springframework.boot.web.embedded.tomcat.TomcatWebServer","thread_name":"restartedMain","level":"INFO","level_value":20000}
{"@timestamp":"2024-02-02T17:09:57.257+00:00","@version":1,"message":"Initializing ProtocolHandler [\"http-nio-8080\"]","logger_name":"org.apache.coyote.http11.Http11NioProtocol","thread_name":"restartedMain","level":"INFO","level_value":20000}
{"@timestamp":"2024-02-02T17:09:57.257+00:00","@version":1,"message":"Starting service [Tomcat]","logger_name":"org.apache.catalina.core.StandardService","thread_name":"restartedMain","level":"INFO","level_value":20000}
{"@timestamp":"2024-02-02T17:09:57.257+00:00","@version":1,"message":"Starting Servlet engine: [Apache Tomcat/10.1.18]","logger_name":"org.apache.catalina.core.StandardEngine","thread_name":"restartedMain","level":"INFO","level_value":20000}
{"@timestamp":"2024-02-02T17:09:57.262+00:00","@version":1,"message":"Initializing Spring embedded WebApplicationContext","logger_name":"org.apache.catalina.core.ContainerBase.[Tomcat].[localhost].[/]","thread_name":"restartedMain","level":"INFO","level_value":20000}
{"@timestamp":"2024-02-02T17:09:57.262+00:00","@version":1,"message":"Root WebApplicationContext: initialization completed in 184 ms","logger_name":"org.springframework.boot.web.servlet.context.ServletWebServerApplicationContext","thread_name":"restartedMain","level":"INFO","level_value":20000}
{"@timestamp":"2024-02-02T17:09:57.420+00:00","@version":1,"message":"LiveReload server is running on port 35729","logger_name":"org.springframework.boot.devtools.autoconfigure.OptionalLiveReloadServer","thread_name":"restartedMain","level":"INFO","level_value":20000}
{"@timestamp":"2024-02-02T17:09:57.422+00:00","@version":1,"message":"Exposing 1 endpoint(s) beneath base path '/actuator'","logger_name":"org.springframework.boot.actuate.endpoint.web.EndpointLinksResolver","thread_name":"restartedMain","level":"INFO","level_value":20000}
{"@timestamp":"2024-02-02T17:09:57.431+00:00","@version":1,"message":"Starting ProtocolHandler [\"http-nio-8080\"]","logger_name":"org.apache.coyote.http11.Http11NioProtocol","thread_name":"restartedMain","level":"INFO","level_value":20000}
{"@timestamp":"2024-02-02T17:09:57.435+00:00","@version":1,"message":"Tomcat started on port 8080 (http) with context path ''","logger_name":"org.springframework.boot.web.embedded.tomcat.TomcatWebServer","thread_name":"restartedMain","level":"INFO","level_value":20000}
{"@timestamp":"2024-02-02T17:09:57.441+00:00","@version":1,"message":"Started SandboxApplication in 0.385 seconds (process running for 274.985)","logger_name":"com.example.sandbox.sandbox.SandboxApplication","thread_name":"restartedMain","level":"INFO","level_value":20000}
{"@timestamp":"2024-02-02T17:09:57.443+00:00","@version":1,"message":"Condition evaluation unchanged","logger_name":"org.springframework.boot.devtools.autoconfigure.ConditionEvaluationDeltaLoggingListener","thread_name":"restartedMain","level":"INFO","level_value":20000}
{"@timestamp":"2024-02-02T17:10:05.113+00:00","@version":1,"message":"Initializing Spring DispatcherServlet 'dispatcherServlet'","logger_name":"org.apache.catalina.core.ContainerBase.[Tomcat].[localhost].[/]","thread_name":"http-nio-8080-exec-1","level":"INFO","level_value":20000}
{"@timestamp":"2024-02-02T17:10:05.113+00:00","@version":1,"message":"Initializing Servlet 'dispatcherServlet'","logger_name":"org.springframework.web.servlet.DispatcherServlet","thread_name":"http-nio-8080-exec-1","level":"INFO","level_value":20000}
{"@timestamp":"2024-02-02T17:10:05.114+00:00","@version":1,"message":"Completed initialization in 1 ms","logger_name":"org.springframework.web.servlet.DispatcherServlet","thread_name":"http-nio-8080-exec-1","level":"INFO","level_value":20000}
{"@timestamp":"2024-02-02T17:10:05.116+00:00","@version":1,"message":"Incoming request to /ping endpoint...","logger_name":"com.example.sandbox.sandbox.controller.PingController","thread_name":"http-nio-8080-exec-1","level":"INFO","level_value":20000}
{"@timestamp":"2024-02-02T17:10:28.235+00:00","@version":1,"message":"Restarting due to 1 class path change (0 additions, 0 deletions, 1 modification)","logger_name":"org.springframework.boot.devtools.autoconfigure.LocalDevToolsAutoConfiguration$RestartingClassPathChangeChangedEventListener","thread_name":"File Watcher","level":"INFO","level_value":20000}
{"@timestamp":"2024-02-02T17:10:28.238+00:00","@version":1,"message":"Stopping ProtocolHandler [\"http-nio-8080\"]","logger_name":"org.apache.coyote.http11.Http11NioProtocol","thread_name":"Thread-19","level":"INFO","level_value":20000}
{"@timestamp":"2024-02-02T17:10:28.304+00:00","@version":1,"message":"Starting SandboxApplication using Java 21.0.2 with PID 77755 (/workspace/springboot-sandbox/sandbox/target/classes started by gitpod in /workspace/springboot-sandbox)","logger_name":"com.example.sandbox.sandbox.SandboxApplication","thread_name":"restartedMain","level":"INFO","level_value":20000}
{"@timestamp":"2024-02-02T17:10:28.304+00:00","@version":1,"message":"No active profile set, falling back to 1 default profile: \"default\"","logger_name":"com.example.sandbox.sandbox.SandboxApplication","thread_name":"restartedMain","level":"INFO","level_value":20000}
{"@timestamp":"2024-02-02T17:10:28.476+00:00","@version":1,"message":"Tomcat initialized with port 8080 (http)","logger_name":"org.springframework.boot.web.embedded.tomcat.TomcatWebServer","thread_name":"restartedMain","level":"INFO","level_value":20000}
{"@timestamp":"2024-02-02T17:10:28.477+00:00","@version":1,"message":"Initializing ProtocolHandler [\"http-nio-8080\"]","logger_name":"org.apache.coyote.http11.Http11NioProtocol","thread_name":"restartedMain","level":"INFO","level_value":20000}
{"@timestamp":"2024-02-02T17:10:28.477+00:00","@version":1,"message":"Starting service [Tomcat]","logger_name":"org.apache.catalina.core.StandardService","thread_name":"restartedMain","level":"INFO","level_value":20000}
{"@timestamp":"2024-02-02T17:10:28.478+00:00","@version":1,"message":"Starting Servlet engine: [Apache Tomcat/10.1.18]","logger_name":"org.apache.catalina.core.StandardEngine","thread_name":"restartedMain","level":"INFO","level_value":20000}
{"@timestamp":"2024-02-02T17:10:28.482+00:00","@version":1,"message":"Initializing Spring embedded WebApplicationContext","logger_name":"org.apache.catalina.core.ContainerBase.[Tomcat].[localhost].[/]","thread_name":"restartedMain","level":"INFO","level_value":20000}
{"@timestamp":"2024-02-02T17:10:28.483+00:00","@version":1,"message":"Root WebApplicationContext: initialization completed in 177 ms","logger_name":"org.springframework.boot.web.servlet.context.ServletWebServerApplicationContext","thread_name":"restartedMain","level":"INFO","level_value":20000}
{"@timestamp":"2024-02-02T17:10:28.643+00:00","@version":1,"message":"LiveReload server is running on port 35729","logger_name":"org.springframework.boot.devtools.autoconfigure.OptionalLiveReloadServer","thread_name":"restartedMain","level":"INFO","level_value":20000}
{"@timestamp":"2024-02-02T17:10:28.646+00:00","@version":1,"message":"Exposing 1 endpoint(s) beneath base path '/actuator'","logger_name":"org.springframework.boot.actuate.endpoint.web.EndpointLinksResolver","thread_name":"restartedMain","level":"INFO","level_value":20000}
{"@timestamp":"2024-02-02T17:10:28.657+00:00","@version":1,"message":"Starting ProtocolHandler [\"http-nio-8080\"]","logger_name":"org.apache.coyote.http11.Http11NioProtocol","thread_name":"restartedMain","level":"INFO","level_value":20000}
{"@timestamp":"2024-02-02T17:10:28.660+00:00","@version":1,"message":"Tomcat started on port 8080 (http) with context path ''","logger_name":"org.springframework.boot.web.embedded.tomcat.TomcatWebServer","thread_name":"restartedMain","level":"INFO","level_value":20000}
{"@timestamp":"2024-02-02T17:10:28.665+00:00","@version":1,"message":"Started SandboxApplication in 0.378 seconds (process running for 306.209)","logger_name":"com.example.sandbox.sandbox.SandboxApplication","thread_name":"restartedMain","level":"INFO","level_value":20000}
{"@timestamp":"2024-02-02T17:10:28.667+00:00","@version":1,"message":"Condition evaluation unchanged","logger_name":"org.springframework.boot.devtools.autoconfigure.ConditionEvaluationDeltaLoggingListener","thread_name":"restartedMain","level":"INFO","level_value":20000}
{"@timestamp":"2024-02-02T17:10:35.669+00:00","@version":1,"message":"Initializing Spring DispatcherServlet 'dispatcherServlet'","logger_name":"org.apache.catalina.core.ContainerBase.[Tomcat].[localhost].[/]","thread_name":"http-nio-8080-exec-1","level":"INFO","level_value":20000}
{"@timestamp":"2024-02-02T17:10:35.670+00:00","@version":1,"message":"Initializing Servlet 'dispatcherServlet'","logger_name":"org.springframework.web.servlet.DispatcherServlet","thread_name":"http-nio-8080-exec-1","level":"INFO","level_value":20000}
{"@timestamp":"2024-02-02T17:10:35.671+00:00","@version":1,"message":"Completed initialization in 1 ms","logger_name":"org.springframework.web.servlet.DispatcherServlet","thread_name":"http-nio-8080-exec-1","level":"INFO","level_value":20000}
{"@timestamp":"2024-02-02T17:10:35.673+00:00","@version":1,"message":"Incoming request to /ping endpoint...","logger_name":"com.example.sandbox.sandbox.controller.PingController","thread_name":"http-nio-8080-exec-1","level":"INFO","level_value":20000}
{"@timestamp":"2024-02-02T17:12:13.106+00:00","@version":1,"message":"Restarting due to 1 class path change (0 additions, 0 deletions, 1 modification)","logger_name":"org.springframework.boot.devtools.autoconfigure.LocalDevToolsAutoConfiguration$RestartingClassPathChangeChangedEventListener","thread_name":"File Watcher","level":"INFO","level_value":20000}
{"@timestamp":"2024-02-02T17:12:13.107+00:00","@version":1,"message":"Stopping ProtocolHandler [\"http-nio-8080\"]","logger_name":"org.apache.coyote.http11.Http11NioProtocol","thread_name":"Thread-23","level":"INFO","level_value":20000}
{"@timestamp":"2024-02-02T17:12:13.175+00:00","@version":1,"message":"Starting SandboxApplication using Java 21.0.2 with PID 77755 (/workspace/springboot-sandbox/sandbox/target/classes started by gitpod in /workspace/springboot-sandbox)","logger_name":"com.example.sandbox.sandbox.SandboxApplication","thread_name":"restartedMain","level":"INFO","level_value":20000}
{"@timestamp":"2024-02-02T17:12:13.176+00:00","@version":1,"message":"No active profile set, falling back to 1 default profile: \"default\"","logger_name":"com.example.sandbox.sandbox.SandboxApplication","thread_name":"restartedMain","level":"INFO","level_value":20000}
{"@timestamp":"2024-02-02T17:12:13.335+00:00","@version":1,"message":"Tomcat initialized with port 8080 (http)","logger_name":"org.springframework.boot.web.embedded.tomcat.TomcatWebServer","thread_name":"restartedMain","level":"INFO","level_value":20000}
{"@timestamp":"2024-02-02T17:12:13.336+00:00","@version":1,"message":"Initializing ProtocolHandler [\"http-nio-8080\"]","logger_name":"org.apache.coyote.http11.Http11NioProtocol","thread_name":"restartedMain","level":"INFO","level_value":20000}
{"@timestamp":"2024-02-02T17:12:13.336+00:00","@version":1,"message":"Starting service [Tomcat]","logger_name":"org.apache.catalina.core.StandardService","thread_name":"restartedMain","level":"INFO","level_value":20000}
{"@timestamp":"2024-02-02T17:12:13.337+00:00","@version":1,"message":"Starting Servlet engine: [Apache Tomcat/10.1.18]","logger_name":"org.apache.catalina.core.StandardEngine","thread_name":"restartedMain","level":"INFO","level_value":20000}
{"@timestamp":"2024-02-02T17:12:13.341+00:00","@version":1,"message":"Initializing Spring embedded WebApplicationContext","logger_name":"org.apache.catalina.core.ContainerBase.[Tomcat].[localhost].[/]","thread_name":"restartedMain","level":"INFO","level_value":20000}
{"@timestamp":"2024-02-02T17:12:13.342+00:00","@version":1,"message":"Root WebApplicationContext: initialization completed in 164 ms","logger_name":"org.springframework.boot.web.servlet.context.ServletWebServerApplicationContext","thread_name":"restartedMain","level":"INFO","level_value":20000}
{"@timestamp":"2024-02-02T17:12:13.490+00:00","@version":1,"message":"LiveReload server is running on port 35729","logger_name":"org.springframework.boot.devtools.autoconfigure.OptionalLiveReloadServer","thread_name":"restartedMain","level":"INFO","level_value":20000}
{"@timestamp":"2024-02-02T17:12:13.492+00:00","@version":1,"message":"Exposing 1 endpoint(s) beneath base path '/actuator'","logger_name":"org.springframework.boot.actuate.endpoint.web.EndpointLinksResolver","thread_name":"restartedMain","level":"INFO","level_value":20000}
{"@timestamp":"2024-02-02T17:12:13.499+00:00","@version":1,"message":"Starting ProtocolHandler [\"http-nio-8080\"]","logger_name":"org.apache.coyote.http11.Http11NioProtocol","thread_name":"restartedMain","level":"INFO","level_value":20000}
{"@timestamp":"2024-02-02T17:12:13.501+00:00","@version":1,"message":"Tomcat started on port 8080 (http) with context path ''","logger_name":"org.springframework.boot.web.embedded.tomcat.TomcatWebServer","thread_name":"restartedMain","level":"INFO","level_value":20000}
{"@timestamp":"2024-02-02T17:12:13.504+00:00","@version":1,"message":"Started SandboxApplication in 0.347 seconds (process running for 411.048)","logger_name":"com.example.sandbox.sandbox.SandboxApplication","thread_name":"restartedMain","level":"INFO","level_value":20000}
{"@timestamp":"2024-02-02T17:12:13.506+00:00","@version":1,"message":"Condition evaluation unchanged","logger_name":"org.springframework.boot.devtools.autoconfigure.ConditionEvaluationDeltaLoggingListener","thread_name":"restartedMain","level":"INFO","level_value":20000}
